[debug] [2021-12-18T04:01:09.169Z] ----------------------------------------------------------------------
[debug] [2021-12-18T04:01:09.181Z] Command:       C:\Program Files\nodejs\node.exe C:\Users\Admin\AppData\Roaming\npm\node_modules\firebase-tools\lib\bin\firebase.js init
[debug] [2021-12-18T04:01:09.183Z] CLI Version:   9.23.3
[debug] [2021-12-18T04:01:09.184Z] Platform:      win32
[debug] [2021-12-18T04:01:09.185Z] Node Version:  v16.13.0
[debug] [2021-12-18T04:01:09.191Z] Time:          Sat Dec 18 2021 11:01:09 GMT+0700 (Indochina Time)
[debug] [2021-12-18T04:01:09.192Z] ----------------------------------------------------------------------
[debug] 
[debug] [2021-12-18T04:01:09.249Z] > command requires scopes: ["email","openid","https://www.googleapis.com/auth/cloudplatformprojects.readonly","https://www.googleapis.com/auth/firebase","https://www.googleapis.com/auth/cloud-platform"]
[debug] [2021-12-18T04:01:09.250Z] > authorizing via signed-in user (lequangtruongschool@gmail.com)
[info] 
     ######## #### ########  ######## ########     ###     ######  ########
     ##        ##  ##     ## ##       ##     ##  ##   ##  ##       ##
     ######    ##  ########  ######   ########  #########  ######  ######
     ##        ##  ##    ##  ##       ##     ## ##     ##       ## ##
     ##       #### ##     ## ######## ########  ##     ##  ######  ########

You're about to initialize a Firebase project in this directory:

  C:\Users\Admin\Desktop\nodejs

[info] 
=== Project Setup
[info] 
[info] First, let's associate this project directory with a Firebase project.
[info] You can create multiple project aliases by running firebase use --add, 
[info] but for now we'll just set up a default project.
[info] 
[info] 
=== Database Setup
[info] 
[info] Firebase Realtime Database Security Rules allow you to define how your data should be
[info] structured and when your data can be read from and written to.
[info] 
[info] +  Default rules have been written to database.rules.json. 
[info] Future modifications to database.rules.json will update Realtime Database Security Rules when you run
[info] firebase deploy.
[info] 
=== Firestore Setup
[info] 
[info] Firestore Security Rules allow you to define how and when to allow
[info] requests. You can keep these rules in your project directory
[info] and publish them with firebase deploy.
[info] 
